14:49:34 INFO  : Launching XSCT server: xsct.bat -n  -interactive C:\Users\dawid\SDUP\astar_pathfinder_co-processor_on_fpga\astar\temp_xsdb_launch_script.tcl
14:49:40 INFO  : Registering command handlers for Vitis TCF services
14:49:52 INFO  : XSCT server has started successfully.
14:50:00 INFO  : Platform repository initialization has completed.
14:50:03 INFO  : plnx-install-location is set to ''
14:50:03 INFO  : Successfully done setting XSCT server connection channel  
14:50:03 INFO  : Successfully done query RDI_DATADIR 
14:50:03 INFO  : Successfully done setting workspace for the tool. 
14:52:29 INFO  : Result from executing command 'getProjects': astar_HW
14:52:29 INFO  : Result from executing command 'getPlatforms': 
14:54:13 INFO  : Result from executing command 'getProjects': astar_HW
14:54:13 INFO  : Result from executing command 'getPlatforms': astar_HW|C:/Users/dawid/SDUP/astar_pathfinder_co-processor_on_fpga/astar/astar_HW/export/astar_HW/astar_HW.xpfm
14:56:36 INFO  : Checking for BSP changes to sync application flags for project 'astar_api'...
14:58:10 INFO  : Connected to target on host '127.0.0.1' and port '3121'.
14:58:12 INFO  : Jtag cable 'Digilent Arty Z7 003017B7E9A2A' is selected.
14:58:12 INFO  : 'jtag frequency' command is executed.
14:58:12 INFO  : Context for 'APU' is selected.
14:58:12 INFO  : System reset is completed.
14:58:15 INFO  : 'after 3000' command is executed.
14:58:16 INFO  : 'targets -set -filter {jtag_cable_name =~ "Digilent Arty Z7 003017B7E9A2A" && level==0 && jtag_device_ctx=="jsn-Arty Z7-003017B7E9A2A-23727093-0"}' command is executed.
14:58:18 INFO  : Device configured successfully with "C:/Users/dawid/SDUP/astar_pathfinder_co-processor_on_fpga/astar/astar_api/_ide/bitstream/astar_design_wrapper.bit"
14:58:18 INFO  : Context for 'APU' is selected.
14:58:19 INFO  : Hardware design and registers information is loaded from 'C:/Users/dawid/SDUP/astar_pathfinder_co-processor_on_fpga/astar/astar_HW/export/astar_HW/hw/astar_design_wrapper.xsa'.
14:58:19 INFO  : 'configparams force-mem-access 1' command is executed.
14:58:19 INFO  : Context for 'APU' is selected.
14:58:19 INFO  : Sourcing of 'C:/Users/dawid/SDUP/astar_pathfinder_co-processor_on_fpga/astar/astar_api/_ide/psinit/ps7_init.tcl' is done.
14:58:20 INFO  : 'ps7_init' command is executed.
14:58:21 INFO  : 'ps7_post_config' command is executed.
14:58:21 INFO  : Context for processor 'ps7_cortexa9_0' is selected.
14:58:21 INFO  : The application 'C:/Users/dawid/SDUP/astar_pathfinder_co-processor_on_fpga/astar/astar_api/Debug/astar_api.elf' is downloaded to processor 'ps7_cortexa9_0'.
14:58:21 INFO  : 'configparams force-mem-access 0' command is executed.
14:58:21 INFO  : ----------------XSDB Script----------------
connect -url tcp:127.0.0.1:3121
targets -set -nocase -filter {name =~"APU*"}
rst -system
after 3000
targets -set -filter {jtag_cable_name =~ "Digilent Arty Z7 003017B7E9A2A" && level==0 && jtag_device_ctx=="jsn-Arty Z7-003017B7E9A2A-23727093-0"}
fpga -file C:/Users/dawid/SDUP/astar_pathfinder_co-processor_on_fpga/astar/astar_api/_ide/bitstream/astar_design_wrapper.bit
targets -set -nocase -filter {name =~"APU*"}
loadhw -hw C:/Users/dawid/SDUP/astar_pathfinder_co-processor_on_fpga/astar/astar_HW/export/astar_HW/hw/astar_design_wrapper.xsa -mem-ranges [list {0x40000000 0xbfffffff}] -regs
configparams force-mem-access 1
targets -set -nocase -filter {name =~"APU*"}
source C:/Users/dawid/SDUP/astar_pathfinder_co-processor_on_fpga/astar/astar_api/_ide/psinit/ps7_init.tcl
ps7_init
ps7_post_config
targets -set -nocase -filter {name =~ "*A9*#0"}
dow C:/Users/dawid/SDUP/astar_pathfinder_co-processor_on_fpga/astar/astar_api/Debug/astar_api.elf
configparams force-mem-access 0
----------------End of Script----------------

14:58:21 INFO  : Context for processor 'ps7_cortexa9_0' is selected.
14:58:22 INFO  : 'con' command is executed.
14:58:22 INFO  : ----------------XSDB Script (After Launch)----------------
targets -set -nocase -filter {name =~ "*A9*#0"}
con
----------------End of Script----------------

14:58:22 INFO  : Launch script is exported to file 'C:\Users\dawid\SDUP\astar_pathfinder_co-processor_on_fpga\astar\astar_api_system\_ide\scripts\systemdebugger_astar_api_system_standalone.tcl'
