Copyright 1986-2020 Xilinx, Inc. All Rights Reserved.
------------------------------------------------------------------------------------
| Tool Version : Vivado v.2020.2 (win64) Build 3064766 Wed Nov 18 09:12:45 MST 2020
| Date         : Wed Jun 21 13:01:59 2023
| Host         : chi_brat_patrzy running 64-bit major release  (build 9200)
| Command      : upgrade_ip
| Device       : xc7z020clg400-1
------------------------------------------------------------------------------------

Upgrade Log for IP 'astar_design_astar_stream_0_0'

1. Summary
----------

SUCCESS in the upgrade of astar_design_astar_stream_0_0 (xilinx.com:user:astar_stream:1.0) from (Rev. 60) to (Rev. 61)






Copyright 1986-2020 Xilinx, Inc. All Rights Reserved.
------------------------------------------------------------------------------------
| Tool Version : Vivado v.2020.2 (win64) Build 3064766 Wed Nov 18 09:12:45 MST 2020
| Date         : Wed Jun 21 08:56:24 2023
| Host         : chi_brat_patrzy running 64-bit major release  (build 9200)
| Command      : upgrade_ip
| Device       : xc7z020clg400-1
------------------------------------------------------------------------------------

Upgrade Log for IP 'astar_design_astar_stream_0_0'

1. Summary
----------

SUCCESS in the upgrade of astar_design_astar_stream_0_0 (xilinx.com:user:astar_stream:1.0) from (Rev. 59) to (Rev. 60)






Copyright 1986-2020 Xilinx, Inc. All Rights Reserved.
------------------------------------------------------------------------------------
| Tool Version : Vivado v.2020.2 (win64) Build 3064766 Wed Nov 18 09:12:45 MST 2020
| Date         : Tue Jun 20 22:03:06 2023
| Host         : chi_brat_patrzy running 64-bit major release  (build 9200)
| Command      : upgrade_ip
| Device       : xc7z020clg400-1
------------------------------------------------------------------------------------

Upgrade Log for IP 'astar_design_astar_stream_0_0'

1. Summary
----------

SUCCESS in the upgrade of astar_design_astar_stream_0_0 (xilinx.com:user:astar_stream:1.0) from (Rev. 58) to (Rev. 59)






Copyright 1986-2020 Xilinx, Inc. All Rights Reserved.
------------------------------------------------------------------------------------
| Tool Version : Vivado v.2020.2 (win64) Build 3064766 Wed Nov 18 09:12:45 MST 2020
| Date         : Tue Jun 20 20:36:25 2023
| Host         : chi_brat_patrzy running 64-bit major release  (build 9200)
| Command      : upgrade_ip
| Device       : xc7z020clg400-1
------------------------------------------------------------------------------------

Upgrade Log for IP 'astar_design_astar_stream_0_0'

1. Summary
----------

SUCCESS in the upgrade of astar_design_astar_stream_0_0 (xilinx.com:user:astar_stream:1.0) from (Rev. 57) to (Rev. 58)






Copyright 1986-2020 Xilinx, Inc. All Rights Reserved.
------------------------------------------------------------------------------------
| Tool Version : Vivado v.2020.2 (win64) Build 3064766 Wed Nov 18 09:12:45 MST 2020
| Date         : Tue Jun 20 16:20:30 2023
| Host         : chi_brat_patrzy running 64-bit major release  (build 9200)
| Command      : upgrade_ip
| Device       : xc7z020clg400-1
------------------------------------------------------------------------------------

Upgrade Log for IP 'astar_design_astar_stream_0_0'

1. Summary
----------

SUCCESS in the upgrade of astar_design_astar_stream_0_0 (xilinx.com:user:astar_stream:1.0) from (Rev. 56) to (Rev. 57)






Copyright 1986-2020 Xilinx, Inc. All Rights Reserved.
------------------------------------------------------------------------------------
| Tool Version : Vivado v.2020.2 (win64) Build 3064766 Wed Nov 18 09:12:45 MST 2020
| Date         : Tue Jun 20 15:51:12 2023
| Host         : chi_brat_patrzy running 64-bit major release  (build 9200)
| Command      : upgrade_ip
| Device       : xc7z020clg400-1
------------------------------------------------------------------------------------

Upgrade Log for IP 'astar_design_astar_stream_0_0'

1. Summary
----------

SUCCESS in the upgrade of astar_design_astar_stream_0_0 (xilinx.com:user:astar_stream:1.0) from (Rev. 55) to (Rev. 56)






Copyright 1986-2020 Xilinx, Inc. All Rights Reserved.
------------------------------------------------------------------------------------
| Tool Version : Vivado v.2020.2 (win64) Build 3064766 Wed Nov 18 09:12:45 MST 2020
| Date         : Tue Jun 20 15:17:58 2023
| Host         : chi_brat_patrzy running 64-bit major release  (build 9200)
| Command      : upgrade_ip
| Device       : xc7z020clg400-1
------------------------------------------------------------------------------------

Upgrade Log for IP 'astar_design_astar_stream_0_0'

1. Summary
----------

SUCCESS in the upgrade of astar_design_astar_stream_0_0 (xilinx.com:user:astar_stream:1.0) from (Rev. 54) to (Rev. 55)

